"QUERY PLAN"
"Unique  (cost=72884.91..72916.03 rows=3112 width=31)"
"  ->  Sort  (cost=72884.91..72892.69 rows=3112 width=31)"
"        Sort Key: (count(*)) DESC, bike_num, (sum((end_date - start_date)))"
"        ->  Finalize GroupAggregate  (cost=71900.38..72704.36 rows=3112 width=31)"
"              Group Key: bike_num"
"              ->  Gather Merge  (cost=71900.38..72626.56 rows=6224 width=31)"
"                    Workers Planned: 2"
"                    ->  Sort  (cost=70900.35..70908.13 rows=3112 width=31)"
"                          Sort Key: bike_num"
"                          ->  Partial HashAggregate  (cost=70688.68..70719.80 rows=3112 width=31)"
"                                Group Key: bike_num"
"                                ->  Parallel Seq Scan on trips  (cost=0.00..58550.34 rows=1213834 width=23)"
